<?xml version="1.0" encoding="UTF-8"?>
<testng-results skipped="0" failed="0" ignored="1" total="3" passed="2">
  <reporter-output>
  </reporter-output>
  <suite name="Default suite" duration-ms="1218" started-at="2020-04-10T14:46:33 IST" finished-at="2020-04-10T14:46:34 IST">
    <groups>
    </groups>
    <test name="Default test" duration-ms="1218" started-at="2020-04-10T14:46:33 IST" finished-at="2020-04-10T14:46:34 IST">
      <class name="libraryTest.BookDetails">
        <test-method status="PASS" signature="getData()[pri:0, instance:libraryTest.BookDetails@47ef968d]" name="getData" is-config="true" duration-ms="9" started-at="2020-04-10T14:46:33 IST" finished-at="2020-04-10T14:46:33 IST">
          <reporter-output>
          </reporter-output>
        </test-method> <!-- getData -->
        <test-method status="PASS" signature="postMethod(java.lang.String, java.lang.String)[pri:0, instance:libraryTest.BookDetails@47ef968d]" name="postMethod" duration-ms="1063" started-at="2020-04-10T14:46:33 IST" data-provider="postMethod_DataProvider" finished-at="2020-04-10T14:46:34 IST">
          <params>
            <param index="0">
              <value>
                <![CDATA[03-09]]>
              </value>
            </param>
            <param index="1">
              <value>
                <![CDATA[3]]>
              </value>
            </param>
          </params>
          <reporter-output>
          </reporter-output>
        </test-method> <!-- postMethod -->
        <test-method status="PASS" signature="postMethod(java.lang.String, java.lang.String)[pri:0, instance:libraryTest.BookDetails@47ef968d]" name="postMethod" duration-ms="122" started-at="2020-04-10T14:46:34 IST" data-provider="postMethod_DataProvider" finished-at="2020-04-10T14:46:34 IST">
          <params>
            <param index="0">
              <value>
                <![CDATA[03-09]]>
              </value>
            </param>
            <param index="1">
              <value>
                <![CDATA[4]]>
              </value>
            </param>
          </params>
          <reporter-output>
          </reporter-output>
        </test-method> <!-- postMethod -->
      </class> <!-- libraryTest.BookDetails -->
    </test> <!-- Default test -->
  </suite> <!-- Default suite -->
</testng-results>
