<?xml version="1.0" encoding="UTF-8"?>
<testng-results skipped="0" failed="0" ignored="0" total="1" passed="1">
  <reporter-output>
  </reporter-output>
  <suite name="Default suite" duration-ms="2563" started-at="2020-07-07T13:19:18 IST" finished-at="2020-07-07T13:19:21 IST">
    <groups>
    </groups>
    <test name="Default test" duration-ms="2563" started-at="2020-07-07T13:19:18 IST" finished-at="2020-07-07T13:19:21 IST">
      <class name="TestScripts.GoogleAPI">
        <test-method status="PASS" signature="test()[pri:0, instance:TestScripts.GoogleAPI@4f063c0a]" name="test" duration-ms="2487" started-at="2020-07-07T13:19:18 IST" finished-at="2020-07-07T13:19:20 IST">
          <reporter-output>
          </reporter-output>
        </test-method> <!-- test -->
      </class> <!-- TestScripts.GoogleAPI -->
    </test> <!-- Default test -->
  </suite> <!-- Default suite -->
</testng-results>
