<?xml version="1.0" encoding="UTF-8"?>
<!-- Generated by org.testng.reporters.JUnitXMLReporter -->
<testsuite hostname="BLRM-300069257" ignored="0" name="Default test" tests="3" failures="0" timestamp="2020-05-13T20:55:05 IST" time="2.149" errors="0">
  <testcase name="testScenario" time="0.989" classname="Scenarios.TestScenario"/>
  <testcase name="testScenario" time="0.243" classname="Scenarios.TestScenario"/>
  <testcase name="testScenario" time="0.231" classname="Scenarios.TestScenario"/>
</testsuite> <!-- Default test -->
