<?xml version="1.0" encoding="UTF-8"?>
<!-- Generated by org.testng.reporters.JUnitXMLReporter -->
<testsuite hostname="BLRM-300069257" ignored="1" name="Default test" tests="2" failures="0" timestamp="2020-04-10T14:46:34 IST" time="1.218" errors="0">
  <testcase name="postMethod" time="1.063" classname="libraryTest.BookDetails"/>
  <testcase name="postMethod" time="0.122" classname="libraryTest.BookDetails"/>
  <testcase name="getMethod" time="0.0" classname="libraryTest.BookDetails">
    <ignored/>
  </testcase> <!-- getMethod -->
</testsuite> <!-- Default test -->
